[0.007s] Invoking command in '/home/hyoin/service/build/md': AMENT_PREFIX_PATH=/home/hyoin/service/install/serial:${AMENT_PREFIX_PATH} CMAKE_PREFIX_PATH=/home/hyoin/service/install/serial:/opt/ros/humble LD_LIBRARY_PATH=/home/hyoin/service/install/serial/lib:${LD_LIBRARY_PATH} PATH=/home/hyoin/service/install/serial/bin:${PATH} /usr/bin/cmake --build /home/hyoin/service/build/md -- -j8 -l8
[0.043s] [  2%] Built target md__cpp
[0.047s] [ 11%] Built target md__rosidl_generator_c
[0.054s] [ 11%] Built target ament_cmake_python_symlink_md
[0.071s] [ 20%] Built target md__rosidl_typesupport_cpp
[0.073s] [ 30%] Built target md__rosidl_typesupport_introspection_cpp
[0.074s] [ 39%] Built target md__rosidl_typesupport_fastrtps_cpp
[0.075s] [ 48%] Built target md__rosidl_typesupport_fastrtps_c
[0.078s] [ 58%] Built target md__rosidl_typesupport_introspection_c
[0.078s] [ 67%] Built target md__rosidl_typesupport_c
[0.083s] [35m[1mConsolidate compiler generated dependencies of target md_robot_node[0m
[0.095s] [ 67%] Built target md
[0.100s] [ 69%] [32mBuilding CXX object CMakeFiles/md_robot_node.dir/src/md_robot_node/main.cpp.o[0m
[0.100s] [ 72%] [32mBuilding CXX object CMakeFiles/md_robot_node.dir/src/md_robot_node/com.cpp.o[0m
[0.100s] [ 74%] [32mBuilding CXX object CMakeFiles/md_robot_node.dir/src/md_robot_node/robot.cpp.o[0m
[0.114s] [ 76%] Built target md__py
[0.144s] [ 83%] Built target md__rosidl_generator_py
[0.180s] [ 88%] Built target md__rosidl_typesupport_fastrtps_c__pyext
[0.187s] [ 93%] Built target md__rosidl_typesupport_c__pyext
[0.191s] [ 97%] Built target md__rosidl_typesupport_introspection_c__pyext
[0.308s] running egg_info
[0.309s] writing md.egg-info/PKG-INFO
[0.309s] writing dependency_links to md.egg-info/dependency_links.txt
[0.309s] writing top-level names to md.egg-info/top_level.txt
[0.311s] reading manifest file 'md.egg-info/SOURCES.txt'
[0.311s] writing manifest file 'md.egg-info/SOURCES.txt'
[0.329s] [ 97%] Built target ament_cmake_python_build_md_egg
[1.893s] In file included from [01m[K/home/hyoin/service/src/md/src/md_robot_node/main.cpp:2[m[K:
[1.894s] [01m[K/home/hyoin/service/src/md/include/md_robot_node/main.hpp:14:17:[m[K [01;31m[Kerror: [m[K‚Äò[01m[KPose[m[K‚Äô in namespace ‚Äò[01m[Kmd::msg[m[K‚Äô does not name a type
[1.894s]    14 | extern md::msg::[01;31m[KPose[m[K md_robot_status_msg;  // Î°úÎ¥á ÏÉÅÌÉú Î©îÏãúÏßÄ Í∞ùÏ≤¥
[1.894s]       |                 [01;31m[K^~~~[m[K
[1.899s] [01m[K/home/hyoin/service/src/md/include/md_robot_node/main.hpp:83:32:[m[K [01;31m[Kerror: [m[K‚Äò[01m[KMdRobot_Status_msg[m[K‚Äô is not a member of ‚Äò[01m[Kmd::msg[m[K‚Äô
[1.900s]    83 |     rclcpp::Publisher<md::msg::[01;31m[KMdRobot_Status_msg[m[K>::SharedPtr md_robot_status_msg_pub_;
[1.900s]       |                                [01;31m[K^~~~~~~~~~~~~~~~~~[m[K
[1.900s] [01m[K/home/hyoin/service/src/md/include/md_robot_node/main.hpp:83:50:[m[K [01;31m[Kerror: [m[Ktemplate argument 1 is invalid
[1.900s]    83 |     rclcpp::Publisher<md::msg::MdRobot_Status_msg[01;31m[K>[m[K::SharedPtr md_robot_status_msg_pub_;
[1.900s]       |                                                  [01;31m[K^[m[K
[1.900s] [01m[K/home/hyoin/service/src/md/include/md_robot_node/main.hpp:83:53:[m[K [01;31m[Kerror: [m[Kexpected ‚Äò[01m[K;[m[K‚Äô at end of member declaration
[1.900s]    83 |     rclcpp::Publisher<md::msg::MdRobot_Status_msg>::[01;31m[KSharedPtr[m[K md_robot_status_msg_pub_;
[1.900s]       |                                                     [01;31m[K^~~~~~~~~[m[K
[1.900s]       |                                                              [32m[K;[m[K
[1.902s] [01m[K/home/hyoin/service/src/md/include/md_robot_node/main.hpp:83:63:[m[K [01;31m[Kerror: [m[K‚Äò[01m[Kmd_robot_status_msg_pub_[m[K‚Äô does not name a type
[1.902s]    83 |   rclcpp::Publisher<md::msg::MdRobot_Status_msg>::SharedPtr [01;31m[Kmd_robot_status_msg_pub_[m[K;
[1.902s]       |                                                             [01;31m[K^~~~~~~~~~~~~~~~~~~~~~~~[m[K
[1.903s] 
[1.946s] In file included from [01m[K/home/hyoin/service/src/md/src/md_robot_node/robot.cpp:1[m[K:
[1.946s] [01m[K/home/hyoin/service/src/md/include/md_robot_node/robot.hpp:13:17:[m[K [01;31m[Kerror: [m[K‚Äò[01m[KPose[m[K‚Äô in namespace ‚Äò[01m[Kmd::msg[m[K‚Äô does not name a type
[1.946s]    13 | extern md::msg::[01;31m[KPose[m[K md_robot_status_msg;  // Î°úÎ¥á ÏÉÅÌÉú Î©îÏãúÏßÄ Í∞ùÏ≤¥
[1.946s]       |                 [01;31m[K^~~~[m[K
[1.949s] In file included from [01m[K/home/hyoin/service/src/md/src/md_robot_node/robot.cpp:2[m[K:
[1.949s] [01m[K/home/hyoin/service/src/md/include/md_robot_node/main.hpp:14:17:[m[K [01;31m[Kerror: [m[K‚Äò[01m[KPose[m[K‚Äô in namespace ‚Äò[01m[Kmd::msg[m[K‚Äô does not name a type
[1.949s]    14 | extern md::msg::[01;31m[KPose[m[K md_robot_status_msg;  // Î°úÎ¥á ÏÉÅÌÉú Î©îÏãúÏßÄ Í∞ùÏ≤¥
[1.950s]       |                 [01;31m[K^~~~[m[K
[1.953s] In file included from [01m[K/home/hyoin/service/src/md/src/md_robot_node/com.cpp:3[m[K:
[1.953s] [01m[K/home/hyoin/service/src/md/include/md_robot_node/main.hpp:14:17:[m[K [01;31m[Kerror: [m[K‚Äò[01m[KPose[m[K‚Äô in namespace ‚Äò[01m[Kmd::msg[m[K‚Äô does not name a type
[1.953s]    14 | extern md::msg::[01;31m[KPose[m[K md_robot_status_msg;  // Î°úÎ¥á ÏÉÅÌÉú Î©îÏãúÏßÄ Í∞ùÏ≤¥
[1.953s]       |                 [01;31m[K^~~~[m[K
[1.955s] [01m[K/home/hyoin/service/src/md/include/md_robot_node/main.hpp:83:32:[m[K [01;31m[Kerror: [m[K‚Äò[01m[KMdRobot_Status_msg[m[K‚Äô is not a member of ‚Äò[01m[Kmd::msg[m[K‚Äô
[1.955s]    83 |     rclcpp::Publisher<md::msg::[01;31m[KMdRobot_Status_msg[m[K>::SharedPtr md_robot_status_msg_pub_;
[1.955s]       |                                [01;31m[K^~~~~~~~~~~~~~~~~~[m[K
[1.955s] [01m[K/home/hyoin/service/src/md/include/md_robot_node/main.hpp:83:50:[m[K [01;31m[Kerror: [m[Ktemplate argument 1 is invalid
[1.955s]    83 |     rclcpp::Publisher<md::msg::MdRobot_Status_msg[01;31m[K>[m[K::SharedPtr md_robot_status_msg_pub_;
[1.955s]       |                                                  [01;31m[K^[m[K
[1.955s] [01m[K/home/hyoin/service/src/md/include/md_robot_node/main.hpp:83:53:[m[K [01;31m[Kerror: [m[Kexpected ‚Äò[01m[K;[m[K‚Äô at end of member declaration
[1.955s]    83 |     rclcpp::Publisher<md::msg::MdRobot_Status_msg>::[01;31m[KSharedPtr[m[K md_robot_status_msg_pub_;
[1.955s]       |                                                     [01;31m[K^~~~~~~~~[m[K
[1.955s]       |                                                              [32m[K;[m[K
[1.958s] In file included from [01m[K/home/hyoin/service/src/md/src/md_robot_node/main.cpp:4[m[K:
[1.958s] [01m[K/home/hyoin/service/src/md/include/md_robot_node/robot.hpp:13:17:[m[K [01;31m[Kerror: [m[K‚Äò[01m[KPose[m[K‚Äô in namespace ‚Äò[01m[Kmd::msg[m[K‚Äô does not name a type
[1.958s]    13 | extern md::msg::[01;31m[KPose[m[K md_robot_status_msg;  // Î°úÎ¥á ÏÉÅÌÉú Î©îÏãúÏßÄ Í∞ùÏ≤¥
[1.958s]       |                 [01;31m[K^~~~[m[K
[1.958s] [01m[K/home/hyoin/service/src/md/include/md_robot_node/main.hpp:83:63:[m[K [01;31m[Kerror: [m[K‚Äò[01m[Kmd_robot_status_msg_pub_[m[K‚Äô does not name a type
[1.958s]    83 |     rclcpp::Publisher<md::msg::MdRobot_Status_msg>::SharedPtr [01;31m[Kmd_robot_status_msg_pub_[m[K;
[1.958s]       |                                                               [01;31m[K^~~~~~~~~~~~~~~~~~~~~~~~[m[K
[1.959s] [01m[K/home/hyoin/service/src/md/include/md_robot_node/main.hpp:83:32:[m[K [01;31m[Kerror: [m[K‚Äò[01m[KMdRobot_Status_msg[m[K‚Äô is not a member of ‚Äò[01m[Kmd::msg[m[K‚Äô
[1.959s]    83 |     rclcpp::Publisher<md::msg::[01;31m[KMdRobot_Status_msg[m[K>::SharedPtr md_robot_status_msg_pub_;
[1.959s]       |                                [01;31m[K^~~~~~~~~~~~~~~~~~[m[K
[1.959s] [01m[K/home/hyoin/service/src/md/include/md_robot_node/main.hpp:83:50:[m[K [01;31m[Kerror: [m[Ktemplate argument 1 is invalid
[1.959s]    83 |     rclcpp::Publisher<md::msg::MdRobot_Status_msg[01;31m[K>[m[K::SharedPtr md_robot_status_msg_pub_;
[1.959s]       |                                                  [01;31m[K^[m[K
[1.959s] [01m[K/home/hyoin/service/src/md/include/md_robot_node/main.hpp:83:53:[m[K [01;31m[Kerror: [m[Kexpected ‚Äò[01m[K;[m[K‚Äô at end of member declaration
[1.959s]    83 |     rclcpp::Publisher<md::msg::MdRobot_Status_msg>::[01;31m[KSharedPtr[m[K md_robot_status_msg_pub_;
[1.959s]       |                                                     [01;31m[K^~~~~~~~~[m[K
[1.959s]       |                                                              [32m[K;[m[K
[1.962s] [01m[K/home/hyoin/service/src/md/include/md_robot_node/main.hpp:83:63:[m[K [01;31m[Kerror: [m[K‚Äò[01m[Kmd_robot_status_msg_pub_[m[K‚Äô does not name a type
[1.962s]    83 |     rclcpp::Publisher<md::msg::MdRobot_Status_msg>::SharedPtr [01;31m[Kmd_robot_status_msg_pub_[m[K;
[1.962s]       |                                                               [01;31m[K^~~~~~~~~~~~~~~~~~~~~~~~[m[K
[1.967s] [01m[K/home/hyoin/service/src/md/src/md_robot_node/main.cpp:[m[K In constructor ‚Äò[01m[KMDRobotNode::MDRobotNode()[m[K‚Äô:
[1.967s] [01m[K/home/hyoin/service/src/md/src/md_robot_node/main.cpp:40:5:[m[K [01;31m[Kerror: [m[K‚Äò[01m[Kmd_robot_status_msg_pub_[m[K‚Äô was not declared in this scope; did you mean ‚Äò[01m[Kmd_robot_status_msg[m[K‚Äô?
[1.967s]    40 |     [01;31m[Kmd_robot_status_msg_pub_[m[K = this->create_publisher<md::msg::md_robot_status_msg_>("robot_status", 10);
[1.967s]       |     [01;31m[K^~~~~~~~~~~~~~~~~~~~~~~~[m[K
[1.967s]       |     [32m[Kmd_robot_status_msg[m[K
[1.968s] [01m[K/home/hyoin/service/src/md/src/md_robot_node/main.cpp:40:64:[m[K [01;31m[Kerror: [m[K‚Äò[01m[Kmd_robot_status_msg_[m[K‚Äô is not a member of ‚Äò[01m[Kmd::msg[m[K‚Äô
[1.968s]    40 |  md_robot_status_msg_pub_ = this->create_publisher<md::msg::[01;31m[Kmd_robot_status_msg_[m[K>("robot_status", 10);
[1.968s]       |                                                             [01;31m[K^~~~~~~~~~~~~~~~~~~~[m[K
[1.968s] 
[1.968s] [01m[K/home/hyoin/service/src/md/src/md_robot_node/main.cpp:40:85:[m[K [01;31m[Kerror: [m[Kno matching function for call to ‚Äò[01m[KMDRobotNode::create_publisher<<expression error> >(const char [13], int)[m[K‚Äô
[1.968s]    40 | pub_ = [01;31m[Kthis->create_publisher<md::msg::md_robot_status_msg_>("robot_status", 10)[m[K;
[1.968s]       |        [01;31m[K~~~~~~~~~~~~~~~~~~~~~~~~~~~~~~~~~~~~~~~~~~~~~~~~~~~~~^~~~~~~~~~~~~~~~~~~~[m[K
[1.968s] 
[1.968s] In file included from [01m[K/opt/ros/humble/include/rclcpp/rclcpp/node.hpp:1321[m[K,
[1.968s]                  from [01m[K/opt/ros/humble/include/rclcpp/rclcpp/executors/single_threaded_executor.hpp:28[m[K,
[1.968s]                  from [01m[K/opt/ros/humble/include/rclcpp/rclcpp/executors.hpp:22[m[K,
[1.968s]                  from [01m[K/opt/ros/humble/include/rclcpp/rclcpp/rclcpp.hpp:155[m[K,
[1.968s]                  from [01m[K/home/hyoin/service/src/md/src/md_robot_node/main.cpp:1[m[K:
[1.968s] [01m[K/opt/ros/humble/include/rclcpp/rclcpp/node_impl.hpp:73:1:[m[K [01;36m[Knote: [m[Kcandidate: ‚Äò[01m[Ktemplate<class MessageT, class AllocatorT, class PublisherT> std::shared_ptr<PublisherT> rclcpp::Node::create_publisher(const string&, const rclcpp::QoS&, const rclcpp::PublisherOptionsWithAllocator<AllocatorT>&)[m[K‚Äô
[1.968s]    73 | [01;36m[KNode[m[K::create_publisher(
[1.968s]       | [01;36m[K^~~~[m[K
[1.968s] [01m[K/opt/ros/humble/include/rclcpp/rclcpp/node_impl.hpp:73:1:[m[K [01;36m[Knote: [m[K  template argument deduction/substitution failed:
[1.968s] [01m[K/home/hyoin/service/src/md/src/md_robot_node/main.cpp:40:85:[m[K [01;31m[Kerror: [m[Ktemplate argument 1 is invalid
[1.968s]    40 | pub_ = [01;31m[Kthis->create_publisher<md::msg::md_robot_status_msg_>("robot_status", 10)[m[K;
[1.968s]       |        [01;31m[K~~~~~~~~~~~~~~~~~~~~~~~~~~~~~~~~~~~~~~~~~~~~~~~~~~~~~^~~~~~~~~~~~~~~~~~~~[m[K
[1.968s] 
[2.002s] [01m[K/home/hyoin/service/src/md/src/md_robot_node/main.cpp:[m[K In member function ‚Äò[01m[Kvoid MDRobotNode::PubRobotRPMMessage()[m[K‚Äô:
[2.002s] [01m[K/home/hyoin/service/src/md/src/md_robot_node/main.cpp:537:37:[m[K [01;31m[Kerror: [m[K‚Äò[01m[Kmd_robot_msg_pid_pnt_main_data_[m[K‚Äô was not declared in this scope; did you mean ‚Äò[01m[Kmd_robot_msg_pid_pnt_main_data[m[K‚Äô?
[2.002s]   537 |     md_robot_message1_pub_->publish([01;31m[Kmd_robot_msg_pid_pnt_main_data_[m[K);
[2.002s]       |                                     [01;31m[K^~~~~~~~~~~~~~~~~~~~~~~~~~~~~~~[m[K
[2.002s]       |                                     [32m[Kmd_robot_msg_pid_pnt_main_data[m[K
[2.008s] [01m[K/home/hyoin/service/src/md/src/md_robot_node/main.cpp:[m[K In member function ‚Äò[01m[Kvoid MDRobotNode::PubRobotOdomMessage()[m[K‚Äô:
[2.008s] [01m[K/home/hyoin/service/src/md/src/md_robot_node/main.cpp:541:37:[m[K [01;31m[Kerror: [m[K‚Äò[01m[Kmd_robot_msg_pid_robot_monitor_[m[K‚Äô was not declared in this scope; did you mean ‚Äò[01m[Kmd_robot_msg_pid_robot_monitor[m[K‚Äô?
[2.008s]   541 |     md_robot_message2_pub_->publish([01;31m[Kmd_robot_msg_pid_robot_monitor_[m[K);
[2.008s]       |                                     [01;31m[K^~~~~~~~~~~~~~~~~~~~~~~~~~~~~~~[m[K
[2.008s]       |                                     [32m[Kmd_robot_msg_pid_robot_monitor[m[K
[2.012s] [01m[K/home/hyoin/service/src/md/src/md_robot_node/robot.cpp:26:10:[m[K [01;31m[Kerror: [m[K‚Äò[01m[KPose[m[K‚Äô in namespace ‚Äò[01m[Kmd::msg[m[K‚Äô does not name a type
[2.012s]    26 | md::msg::[01;31m[KPose[m[K md_robot_status_msg;
[2.012s]       |          [01;31m[K^~~~[m[K
[2.014s] [01m[K/home/hyoin/service/src/md/src/md_robot_node/main.cpp:[m[K In member function ‚Äò[01m[Kvoid MDRobotNode::PubRobotStatusMessage()[m[K‚Äô:
[2.014s] [01m[K/home/hyoin/service/src/md/src/md_robot_node/main.cpp:545:5:[m[K [01;31m[Kerror: [m[K‚Äò[01m[Kmd_robot_status_msg_pub_[m[K‚Äô was not declared in this scope; did you mean ‚Äò[01m[Kmd_robot_status_msg[m[K‚Äô?
[2.014s]   545 |     [01;31m[Kmd_robot_status_msg_pub_[m[K->publish(md_robot_status_msg);
[2.014s]       |     [01;31m[K^~~~~~~~~~~~~~~~~~~~~~~~[m[K
[2.014s]       |     [32m[Kmd_robot_status_msg[m[K
[2.016s] In file included from [01m[K/home/hyoin/service/src/md/src/md_robot_node/com.cpp:4[m[K:
[2.016s] [01m[K/home/hyoin/service/src/md/include/md_robot_node/robot.hpp:13:17:[m[K [01;31m[Kerror: [m[K‚Äò[01m[KPose[m[K‚Äô in namespace ‚Äò[01m[Kmd::msg[m[K‚Äô does not name a type
[2.016s]    13 | extern md::msg::[01;31m[KPose[m[K md_robot_status_msg;  // Î°úÎ¥á ÏÉÅÌÉú Î©îÏãúÏßÄ Í∞ùÏ≤¥
[2.016s]       |                 [01;31m[K^~~~[m[K
[2.019s] [01m[K/home/hyoin/service/src/md/src/md_robot_node/com.cpp:[m[K In function ‚Äò[01m[Kint MdReceiveProc(MDRobotNode&)[m[K‚Äô:
[2.019s] [01m[K/home/hyoin/service/src/md/src/md_robot_node/com.cpp:114:49:[m[K [01;31m[Kerror: [m[Kcannot convert ‚Äò[01m[KPID_PNT_MAIN_DATA_t*[m[K‚Äô to ‚Äò[01m[KPID_IO_MONITOR_t*[m[K‚Äô
[2.019s]   114 |                 MakeMDRobot_Status_Message(node,[01;31m[K&node.getCurrPidMainData()[m[K);
[2.019s]       |                                                 [01;31m[K^~~~~~~~~~~~~~~~~~~~~~~~~~[m[K
[2.019s]       |                                                 [01;31m[K|[m[K
[2.019s]       |                                                 [01;31m[KPID_PNT_MAIN_DATA_t*[m[K
[2.019s] In file included from [01m[K/home/hyoin/service/src/md/src/md_robot_node/com.cpp:4[m[K:
[2.019s] [01m[K/home/hyoin/service/src/md/include/md_robot_node/robot.hpp:21:69:[m[K [01;36m[Knote: [m[K  initializing argument 2 of ‚Äò[01m[Kvoid MakeMDRobot_Status_Message(MDRobotNode&, PID_IO_MONITOR_t*)[m[K‚Äô
[2.020s]    21 | void MakeMDRobot_Status_Message(MDRobotNode &node,[01;36m[KPID_IO_MONITOR_t *pData[m[K);  // Î°úÎ¥á ÏÉÅÌÉú Î©îÏãúÏßÄ ÏÉùÏÑ±
[2.020s]       |                                                   [01;36m[K~~~~~~~~~~~~~~~~~~^~~~~[m[K
[2.022s] [01m[K/home/hyoin/service/src/md/src/md_robot_node/robot.cpp:[m[K In function ‚Äò[01m[Kvoid MakeMDRobot_Status_Message(MDRobotNode&, PID_PNT_MAIN_DATA_t*)[m[K‚Äô:
[2.022s] [01m[K/home/hyoin/service/src/md/src/md_robot_node/robot.cpp:105:9:[m[K [01;31m[Kerror: [m[K‚Äò[01m[Kold_mtr_pos_id1[m[K‚Äô was not declared in this scope
[2.022s]   105 |         [01;31m[Kold_mtr_pos_id1[m[K = pData->mtr_pos_id1;
[2.022s]       |         [01;31m[K^~~~~~~~~~~~~~~[m[K
[2.026s] [01m[K/home/hyoin/service/src/md/src/md_robot_node/robot.cpp:106:9:[m[K [01;31m[Kerror: [m[K‚Äò[01m[Kold_mtr_pos_id2[m[K‚Äô was not declared in this scope
[2.026s]   106 |         [01;31m[Kold_mtr_pos_id2[m[K = pData->mtr_pos_id2;
[2.026s]       |         [01;31m[K^~~~~~~~~~~~~~~[m[K
[2.030s] [01m[K/home/hyoin/service/src/md/src/md_robot_node/robot.cpp:108:9:[m[K [01;31m[Kerror: [m[K‚Äò[01m[Kmd_robot_status_msg[m[K‚Äô was not declared in this scope; did you mean ‚Äò[01m[KRobotStatus_msg[m[K‚Äô?
[2.030s]   108 |         [01;31m[Kmd_robot_status_msg[m[K.x = 0;
[2.030s]       |         [01;31m[K^~~~~~~~~~~~~~~~~~~[m[K
[2.030s]       |         [32m[KRobotStatus_msg[m[K
[2.034s] [01m[K/home/hyoin/service/src/md/src/md_robot_node/robot.cpp:120:34:[m[K [01;31m[Kerror: [m[K‚Äò[01m[Kold_mtr_pos_id1[m[K‚Äô was not declared in this scope
[2.034s]   120 |     v_left = (double)(pos_left - [01;31m[Kold_mtr_pos_id1[m[K);  // ÏôºÏ™Ω ÏóîÏΩîÎçî Ïπ¥Ïö¥Ìä∏ Í∞í
[2.034s]       |                                  [01;31m[K^~~~~~~~~~~~~~~[m[K
[2.038s] [01m[K/home/hyoin/service/src/md/src/md_robot_node/robot.cpp:121:36:[m[K [01;31m[Kerror: [m[K‚Äò[01m[Kold_mtr_pos_id2[m[K‚Äô was not declared in this scope
[2.038s]   121 |     v_right = (double)(pos_right - [01;31m[Kold_mtr_pos_id2[m[K); // Ïò§Î•∏Ï™Ω ÏóîÏΩîÎçî Ïπ¥Ïö¥Ìä∏ Í∞í
[2.038s]       |                                    [01;31m[K^~~~~~~~~~~~~~~[m[K
[2.038s] [01m[K/home/hyoin/service/src/md/src/md_robot_node/robot.cpp:123:29:[m[K [01;31m[Kerror: [m[K‚Äò[01m[Kstruct ROBOT_PARAMETER_t[m[K‚Äô has no member named ‚Äò[01m[Kmotor_count_per_degree[m[K‚Äô
[2.038s]   123 |     v_left*= robotParamData.[01;31m[Kmotor_count_per_degree[m[K; // ÏóîÏΩîÎçî Ïπ¥Ïö¥Ìä∏ Í∞íÏùÑ Í∞ÅÎèÑÎ°ú Î≥ÄÌôò
[2.038s]       |                             [01;31m[K^~~~~~~~~~~~~~~~~~~~~~[m[K
[2.039s] [01m[K/home/hyoin/service/src/md/src/md_robot_node/robot.cpp:124:30:[m[K [01;31m[Kerror: [m[K‚Äò[01m[Kstruct ROBOT_PARAMETER_t[m[K‚Äô has no member named ‚Äò[01m[Kmotor_count_per_degree[m[K‚Äô
[2.039s]   124 |     v_right*= robotParamData.[01;31m[Kmotor_count_per_degree[m[K; // ÏóîÏΩîÎçî Ïπ¥Ïö¥Ìä∏ Í∞íÏùÑ Í∞ÅÎèÑÎ°ú Î≥ÄÌôò
[2.039s]       |                              [01;31m[K^~~~~~~~~~~~~~~~~~~~~~[m[K
[2.044s] [01m[K/home/hyoin/service/src/md/src/md_robot_node/robot.cpp:134:5:[m[K [01;31m[Kerror: [m[K‚Äò[01m[Kmd_robot_status_msg[m[K‚Äô was not declared in this scope; did you mean ‚Äò[01m[KRobotStatus_msg[m[K‚Äô?
[2.044s]   134 |     [01;31m[Kmd_robot_status_msg[m[K.x = robot_curr_x;
[2.044s]       |     [01;31m[K^~~~~~~~~~~~~~~~~~~[m[K
[2.044s]       |     [32m[KRobotStatus_msg[m[K
[2.321s] gmake[2]: *** [CMakeFiles/md_robot_node.dir/build.make:90: CMakeFiles/md_robot_node.dir/src/md_robot_node/com.cpp.o] Ïò§Î•ò 1
[2.321s] gmake[2]: *** ÎÅùÎÇòÏßÄ ÏïäÏùÄ ÏûëÏóÖÏùÑ Í∏∞Îã§Î¶¨Í≥† ÏûàÏäµÎãàÎã§....
[2.353s] gmake[2]: *** [CMakeFiles/md_robot_node.dir/build.make:104: CMakeFiles/md_robot_node.dir/src/md_robot_node/robot.cpp.o] Ïò§Î•ò 1
[4.185s] gmake[2]: *** [CMakeFiles/md_robot_node.dir/build.make:76: CMakeFiles/md_robot_node.dir/src/md_robot_node/main.cpp.o] Ïò§Î•ò 1
[4.185s] gmake[1]: *** [CMakeFiles/Makefile2:593: CMakeFiles/md_robot_node.dir/all] Ïò§Î•ò 2
[4.186s] gmake: *** [Makefile:146: all] Ïò§Î•ò 2
[4.187s] Invoked command in '/home/hyoin/service/build/md' returned '2': AMENT_PREFIX_PATH=/home/hyoin/service/install/serial:${AMENT_PREFIX_PATH} CMAKE_PREFIX_PATH=/home/hyoin/service/install/serial:/opt/ros/humble LD_LIBRARY_PATH=/home/hyoin/service/install/serial/lib:${LD_LIBRARY_PATH} PATH=/home/hyoin/service/install/serial/bin:${PATH} /usr/bin/cmake --build /home/hyoin/service/build/md -- -j8 -l8
